<?xml version="1.0" encoding="UTF-8"?>
<testsuite name="MainKtTest" tests="2" skipped="0" failures="0" errors="0" timestamp="2022-07-07T12:43:23" hostname="LAPTOP-OL76BUKB" time="0.012">
  <properties/>
  <testcase name="commission" classname="MainKtTest" time="0.012"/>
  <testcase name="commissionNoFreeLimit" classname="MainKtTest" time="0.0"/>
  <system-out><![CDATA[]]></system-out>
  <system-err><![CDATA[]]></system-err>
</testsuite>
