<?xml version="1.0" encoding="UTF-8"?>
<testsuite name="MainKtTest" tests="9" skipped="0" failures="0" errors="0" timestamp="2022-07-07T13:01:27" hostname="LAPTOP-OL76BUKB" time="0.009">
  <properties/>
  <testcase name="mirUnderMinCommission" classname="MainKtTest" time="0.006"/>
  <testcase name="mastercardFreeLimit" classname="MainKtTest" time="0.0"/>
  <testcase name="visaUnderMinCommission" classname="MainKtTest" time="0.0"/>
  <testcase name="mirUpperMinCommission" classname="MainKtTest" time="0.0"/>
  <testcase name="visaUpperMinCommission" classname="MainKtTest" time="0.0"/>
  <testcase name="mastercardNoFreeLimit" classname="MainKtTest" time="0.0"/>
  <testcase name="maestroNoFreeLimit" classname="MainKtTest" time="0.0"/>
  <testcase name="vkPayCommission" classname="MainKtTest" time="0.0"/>
  <testcase name="maestroFreeLimit" classname="MainKtTest" time="0.0"/>
  <system-out><![CDATA[]]></system-out>
  <system-err><![CDATA[]]></system-err>
</testsuite>
